MenuPage/app/build/intermediates/manifest_merge_blame_file/debug/manifest-merger-blame-debug-report.txt
1<?xml version="1.0" encoding="utf-8"?>
2<manifest xmlns:android="http://schemas.android.com/apk/res/android"
3    package="com.example.menupage2"
4    android:versionCode="1"
5    android:versionName="1.0" >
6
7    <uses-sdk
8        android:minSdkVersion="21"
8-->src\main\AndroidManifest.xml
9        android:targetSdkVersion="34" />
9-->src\main\AndroidManifest.xml
10
11    <permission
11-->[androidx.core:core:1.9.0] AndroidManifest.xml:22:5-24:47
12        android:name="com.example.menupage2.DYNAMIC_RECEIVER_NOT_EXPORTED_PERMISSION"
12-->[androidx.core:core:1.9.0] AndroidManifest.xml:23:9-81
13        android:protectionLevel="signature" />
13-->[androidx.core:core:1.9.0] AndroidManifest.xml:24:9-44
14
15    <uses-permission android:name="com.example.menupage2.DYNAMIC_RECEIVER_NOT_EXPORTED_PERMISSION" />
15-->[androidx.core:core:1.9.0] AndroidManifest.xml:26:5-97
15-->[androidx.core:core:1.9.0] AndroidManifest.xml:26:22-94
16
17    <application
17-->src\main\AndroidManifest.xml:6:5-109:19
18        android:allowBackup="true"
18-->src\main\AndroidManifest.xml:7:9-35
19        android:appComponentFactory="androidx.core.app.CoreComponentFactory"
19-->[androidx.core:core:1.9.0] AndroidManifest.xml:28:18-86
20        android:dataExtractionRules="@xml/data_extraction_rules"
20-->src\main\AndroidManifest.xml:8:9-65
21        android:debuggable="true"
22        android:fullBackupContent="@xml/backup_rules"
22-->src\main\AndroidManifest.xml:9:9-54
23        android:icon="@mipmap/ic_launcher"
23-->src\main\AndroidManifest.xml:10:9-43
24        android:label="@string/app_name"
24-->src\main\AndroidManifest.xml:11:9-41
25        android:roundIcon="@mipmap/ic_launcher_round"
25-->src\main\AndroidManifest.xml:12:9-54
26        android:supportsRtl="true"
26-->src\main\AndroidManifest.xml:13:9-35
27        android:testOnly="true"
28        android:theme="@style/Theme.AppCompat.Light.NoActionBar" >
28-->src\main\AndroidManifest.xml:14:9-65
29        <activity
29-->src\main\AndroidManifest.xml:16:9-18:40
30            android:name="com.example.menupage2.Cu6Activity"
30-->src\main\AndroidManifest.xml:17:13-40
31            android:exported="false" />
31-->src\main\AndroidManifest.xml:18:13-37
32        <activity
32-->src\main\AndroidManifest.xml:19:9-21:40
33            android:name="com.example.menupage2.Cu5Activity"
33-->src\main\AndroidManifest.xml:20:13-40
34            android:exported="false" />
34-->src\main\AndroidManifest.xml:21:13-37
35        <activity
35-->src\main\AndroidManifest.xml:22:9-24:40
36            android:name="com.example.menupage2.Cu4Activity"
36-->src\main\AndroidManifest.xml:23:13-40
37            android:exported="false" />
37-->src\main\AndroidManifest.xml:24:13-37
38        <activity
38-->src\main\AndroidManifest.xml:25:9-27:40
39            android:name="com.example.menupage2.Cu3Activity"
39-->src\main\AndroidManifest.xml:26:13-40
40            android:exported="false" />
40-->src\main\AndroidManifest.xml:27:13-37
41        <activity
41-->src\main\AndroidManifest.xml:28:9-30:40
42            android:name="com.example.menupage2.Cu2Activity"
42-->src\main\AndroidManifest.xml:29:13-40
43            android:exported="false" />
43-->src\main\AndroidManifest.xml:30:13-37
44        <activity
44-->src\main\AndroidManifest.xml:31:9-33:40
45            android:name="com.example.menupage2.Cu1Activity"
45-->src\main\AndroidManifest.xml:32:13-40
46            android:exported="false" />
46-->src\main\AndroidManifest.xml:33:13-37
47        <activity
47-->src\main\AndroidManifest.xml:34:9-36:40
48            android:name="com.example.menupage2.InfoC2Activity"
48-->src\main\AndroidManifest.xml:35:13-43
49            android:exported="false" />
49-->src\main\AndroidManifest.xml:36:13-37
50        <activity
50-->src\main\AndroidManifest.xml:37:9-39:40
51            android:name="com.example.menupage2.InfoC1Activity"
51-->src\main\AndroidManifest.xml:38:13-43
52            android:exported="false" />
52-->src\main\AndroidManifest.xml:39:13-37
53        <activity
53-->src\main\AndroidManifest.xml:40:9-42:40
54            android:name="com.example.menupage2.InfoC3Activity"
54-->src\main\AndroidManifest.xml:41:13-43
55            android:exported="false" />
55-->src\main\AndroidManifest.xml:42:13-37
56        <activity
56-->src\main\AndroidManifest.xml:43:9-45:40
57            android:name="com.example.menupage2.C3Activity"
57-->src\main\AndroidManifest.xml:44:13-39
58            android:exported="false" />
58-->src\main\AndroidManifest.xml:45:13-37
59        <activity
59-->src\main\AndroidManifest.xml:46:9-48:40
60            android:name="com.example.menupage2.C2Activity"
60-->src\main\AndroidManifest.xml:47:13-39
61            android:exported="false" />
61-->src\main\AndroidManifest.xml:48:13-37
62        <activity
62-->src\main\AndroidManifest.xml:49:9-51:40
63            android:name="com.example.menupage2.C1Activity"
63-->src\main\AndroidManifest.xml:50:13-39
64            android:exported="false" />
64-->src\main\AndroidManifest.xml:51:13-37
65        <activity
65-->src\main\AndroidManifest.xml:52:9-54:40
66            android:name="com.example.menupage2.InfoL5Activity"
66-->src\main\AndroidManifest.xml:53:13-43
67            android:exported="false" />
67-->src\main\AndroidManifest.xml:54:13-37
68        <activity
68-->src\main\AndroidManifest.xml:55:9-57:40
69            android:name="com.example.menupage2.InfoL4Activity"
69-->src\main\AndroidManifest.xml:56:13-43
70            android:exported="false" />
70-->src\main\AndroidManifest.xml:57:13-37
71        <activity
71-->src\main\AndroidManifest.xml:58:9-60:40
72            android:name="com.example.menupage2.InfoL3Activity"
72-->src\main\AndroidManifest.xml:59:13-43
73            android:exported="false" />
73-->src\main\AndroidManifest.xml:60:13-37
74        <activity
74-->src\main\AndroidManifest.xml:61:9-63:40
75            android:name="com.example.menupage2.InfoL2Activity"
75-->src\main\AndroidManifest.xml:62:13-43
76            android:exported="false" />
76-->src\main\AndroidManifest.xml:63:13-37
77        <activity
77-->src\main\AndroidManifest.xml:64:9-66:40
78            android:name="com.example.menupage2.InfoL1Activity"
78-->src\main\AndroidManifest.xml:65:13-43
79            android:exported="false" />
79-->src\main\AndroidManifest.xml:66:13-37
80        <activity
80-->src\main\AndroidManifest.xml:67:9-69:40
81            android:name="com.example.menupage2.L5Activity"
81-->src\main\AndroidManifest.xml:68:13-39
82            android:exported="false" />
82-->src\main\AndroidManifest.xml:69:13-37
83        <activity
83-->src\main\AndroidManifest.xml:70:9-72:40
84            android:name="com.example.menupage2.L4Activity"
84-->src\main\AndroidManifest.xml:71:13-39
85            android:exported="false" />
85-->src\main\AndroidManifest.xml:72:13-37
86        <activity
86-->src\main\AndroidManifest.xml:73:9-75:40
87            android:name="com.example.menupage2.L3Activity"
87-->src\main\AndroidManifest.xml:74:13-39
88            android:exported="false" />
88-->src\main\AndroidManifest.xml:75:13-37
89        <activity
89-->src\main\AndroidManifest.xml:76:9-78:40
90            android:name="com.example.menupage2.L2Activity"
90-->src\main\AndroidManifest.xml:77:13-39
91            android:exported="false" />
91-->src\main\AndroidManifest.xml:78:13-37
92        <activity
92-->src\main\AndroidManifest.xml:79:9-81:40
93            android:name="com.example.menupage2.L1Activity"
93-->src\main\AndroidManifest.xml:80:13-39
94            android:exported="false" />
94-->src\main\AndroidManifest.xml:81:13-37
95        <activity
95-->src\main\AndroidManifest.xml:82:9-84:40
96            android:name="com.example.menupage2.WeatherActivity"
96-->src\main\AndroidManifest.xml:83:13-44
97            android:exported="false" />
97-->src\main\AndroidManifest.xml:84:13-37
98        <activity
98-->src\main\AndroidManifest.xml:85:9-87:40
99            android:name="com.example.menupage2.MapActivity"
99-->src\main\AndroidManifest.xml:86:13-40
100            android:exported="false" />
100-->src\main\AndroidManifest.xml:87:13-37
101        <activity
101-->src\main\AndroidManifest.xml:88:9-90:40
102            android:name="com.example.menupage2.CuisineActivity"
102-->src\main\AndroidManifest.xml:89:13-44
103            android:exported="false" />
103-->src\main\AndroidManifest.xml:90:13-37
104        <activity
104-->src\main\AndroidManifest.xml:91:9-93:40
105            android:name="com.example.menupage2.CollegeActivity"
105-->src\main\AndroidManifest.xml:92:13-44
106            android:exported="false" />
106-->src\main\AndroidManifest.xml:93:13-37
107        <activity
107-->src\main\AndroidManifest.xml:94:9-96:40
108            android:name="com.example.menupage2.LandmarksActivity"
108-->src\main\AndroidManifest.xml:95:13-46
109            android:exported="false" />
109-->src\main\AndroidManifest.xml:96:13-37
110        <activity
110-->src\main\AndroidManifest.xml:97:9-99:40
111            android:name="com.example.menupage2.HistoryActivity"
111-->src\main\AndroidManifest.xml:98:13-44
112            android:exported="false" />
112-->src\main\AndroidManifest.xml:99:13-37
113        <activity
113-->src\main\AndroidManifest.xml:100:9-108:20
114            android:name="com.example.menupage2.MainActivity"
114-->src\main\AndroidManifest.xml:101:13-41
115            android:exported="true" >
115-->src\main\AndroidManifest.xml:102:13-36
116            <intent-filter>
116-->src\main\AndroidManifest.xml:103:13-107:29
117                <action android:name="android.intent.action.MAIN" />
117-->src\main\AndroidManifest.xml:104:17-69
117-->src\main\AndroidManifest.xml:104:25-66
118
119                <category android:name="android.intent.category.LAUNCHER" />
119-->src\main\AndroidManifest.xml:106:17-77
119-->src\main\AndroidManifest.xml:106:27-74
120            </intent-filter>
121        </activity>
122
123        <provider
123-->[androidx.emoji2:emoji2:1.2.0] AndroidManifest.xml:24:9-32:20
124            android:name="androidx.startup.InitializationProvider"
124-->[androidx.emoji2:emoji2:1.2.0] AndroidManifest.xml:25:13-67
125            android:authorities="com.example.menupage2.androidx-startup"
125-->[androidx.emoji2:emoji2:1.2.0] AndroidManifest.xml:26:13-68
126            android:exported="false" >
126-->[androidx.emoji2:emoji2:1.2.0] AndroidManifest.xml:27:13-37
127            <meta-data
127-->[androidx.emoji2:emoji2:1.2.0] AndroidManifest.xml:29:13-31:52
128                android:name="androidx.emoji2.text.EmojiCompatInitializer"
128-->[androidx.emoji2:emoji2:1.2.0] AndroidManifest.xml:30:17-75
129                android:value="androidx.startup" />
129-->[androidx.emoji2:emoji2:1.2.0] AndroidManifest.xml:31:17-49
130            <meta-data
130-->[androidx.lifecycle:lifecycle-process:2.6.1] AndroidManifest.xml:29:13-31:52
131                android:name="androidx.lifecycle.ProcessLifecycleInitializer"
131-->[androidx.lifecycle:lifecycle-process:2.6.1] AndroidManifest.xml:30:17-78
132                android:value="androidx.startup" />
132-->[androidx.lifecycle:lifecycle-process:2.6.1] AndroidManifest.xml:31:17-49
133            <meta-data
133-->[androidx.profileinstaller:profileinstaller:1.3.0] AndroidManifest.xml:29:13-31:52
134                android:name="androidx.profileinstaller.ProfileInstallerInitializer"
134-->[androidx.profileinstaller:profileinstaller:1.3.0] AndroidManifest.xml:30:17-85
135                android:value="androidx.startup" />
135-->[androidx.profileinstaller:profileinstaller:1.3.0] AndroidManifest.xml:31:17-49
136        </provider>
137
138        <receiver
138-->[androidx.profileinstaller:profileinstaller:1.3.0] AndroidManifest.xml:34:9-52:20
139            android:name="androidx.profileinstaller.ProfileInstallReceiver"
139-->[androidx.profileinstaller:profileinstaller:1.3.0] AndroidManifest.xml:35:13-76
140            android:directBootAware="false"
140-->[androidx.profileinstaller:profileinstaller:1.3.0] AndroidManifest.xml:36:13-44
141            android:enabled="true"
141-->[androidx.profileinstaller:profileinstaller:1.3.0] AndroidManifest.xml:37:13-35
142            android:exported="true"
142-->[androidx.profileinstaller:profileinstaller:1.3.0] AndroidManifest.xml:38:13-36
143            android:permission="android.permission.DUMP" >
143-->[androidx.profileinstaller:profileinstaller:1.3.0] AndroidManifest.xml:39:13-57
144            <intent-filter>
144-->[androidx.profileinstaller:profileinstaller:1.3.0] AndroidManifest.xml:40:13-42:29
145                <action android:name="androidx.profileinstaller.action.INSTALL_PROFILE" />
145-->[androidx.profileinstaller:profileinstaller:1.3.0] AndroidManifest.xml:41:17-91
145-->[androidx.profileinstaller:profileinstaller:1.3.0] AndroidManifest.xml:41:25-88
146            </intent-filter>
147            <intent-filter>
147-->[androidx.profileinstaller:profileinstaller:1.3.0] AndroidManifest.xml:43:13-45:29
148                <action android:name="androidx.profileinstaller.action.SKIP_FILE" />
148-->[androidx.profileinstaller:profileinstaller:1.3.0] AndroidManifest.xml:44:17-85
148-->[androidx.profileinstaller:profileinstaller:1.3.0] AndroidManifest.xml:44:25-82
149            </intent-filter>
150            <intent-filter>
150-->[androidx.profileinstaller:profileinstaller:1.3.0] AndroidManifest.xml:46:13-48:29
151                <action android:name="androidx.profileinstaller.action.SAVE_PROFILE" />
151-->[androidx.profileinstaller:profileinstaller:1.3.0] AndroidManifest.xml:47:17-88
151-->[androidx.profileinstaller:profileinstaller:1.3.0] AndroidManifest.xml:47:25-85
152            </intent-filter>
153            <intent-filter>
153-->[androidx.profileinstaller:profileinstaller:1.3.0] AndroidManifest.xml:49:13-51:29
154                <action android:name="androidx.profileinstaller.action.BENCHMARK_OPERATION" />
154-->[androidx.profileinstaller:profileinstaller:1.3.0] AndroidManifest.xml:50:17-95
154-->[androidx.profileinstaller:profileinstaller:1.3.0] AndroidManifest.xml:50:25-92
155            </intent-filter>
156        </receiver>
157    </application>
158
159</manifest>